[debug] [2022-12-22T01:20:37.704Z] ----------------------------------------------------------------------
[debug] [2022-12-22T01:20:37.706Z] Command:       C:\Program Files\nodejs\node.exe C:\Users\ok\AppData\Roaming\npm\node_modules\firebase-tools\lib\bin\firebase.js init
[debug] [2022-12-22T01:20:37.706Z] CLI Version:   11.0.1
[debug] [2022-12-22T01:20:37.706Z] Platform:      win32
[debug] [2022-12-22T01:20:37.706Z] Node Version:  v16.16.0
[debug] [2022-12-22T01:20:37.707Z] Time:          Thu Dec 22 2022 07:20:37 GMT+0600 (Bangladesh Standard Time)
[debug] [2022-12-22T01:20:37.707Z] ----------------------------------------------------------------------
[debug] 
[debug] [2022-12-22T01:20:37.710Z] >>> [apiv2][query] GET https://firebase-public.firebaseio.com/cli.json [none]
[debug] [2022-12-22T01:20:37.792Z] > command requires scopes: ["email","openid","https://www.googleapis.com/auth/cloudplatformprojects.readonly","https://www.googleapis.com/auth/firebase","https://www.googleapis.com/auth/cloud-platform"]
[debug] [2022-12-22T01:20:37.792Z] > authorizing via signed-in user (mdhanif115825@gmail.com)
[info] 
     ######## #### ########  ######## ########     ###     ######  ########
     ##        ##  ##     ## ##       ##     ##  ##   ##  ##       ##
     ######    ##  ########  ######   ########  #########  ######  ######
     ##        ##  ##    ##  ##       ##     ## ##     ##       ## ##
     ##       #### ##     ## ######## ########  ##     ##  ######  ########

You're about to initialize a Firebase project in this directory:

  C:\Programming Hero All\Resumi Website\exam\stickman-technology

Before we get started, keep in mind:

  * You are currently outside your home directory
  * You are initializing within an existing Firebase project directory

[debug] [2022-12-22T01:20:38.474Z] <<< [apiv2][status] GET https://firebase-public.firebaseio.com/cli.json 200
[debug] [2022-12-22T01:20:38.474Z] <<< [apiv2][body] GET https://firebase-public.firebaseio.com/cli.json {"cloudBuildErrorAfter":1594252800000,"cloudBuildWarnAfter":1590019200000,"defaultNode10After":1594252800000,"minVersion":"3.0.5","node8DeploysDisabledAfter":1613390400000,"node8RuntimeDisabledAfter":1615809600000,"node8WarnAfter":1600128000000}
[info] 
=== Project Setup
[info] 
[info] First, let's associate this project directory with a Firebase project.
[info] You can create multiple project aliases by running firebase use --add, 
[info] but for now we'll just set up a default project.
[info] 
[debug] [2022-12-22T01:21:06.761Z] Using project from CLI flag: apollo-hospital-fe9a0
[debug] [2022-12-22T01:21:06.761Z] > refreshing access token with scopes: []
[debug] [2022-12-22T01:21:06.762Z] >>> HTTP REQUEST POST https://www.googleapis.com/oauth2/v3/token  
 <request body omitted>
[debug] [2022-12-22T01:21:07.135Z] <<< HTTP RESPONSE 200 {"cache-control":"no-cache, no-store, max-age=0, must-revalidate","date":"Thu, 22 Dec 2022 01:13:23 GMT","expires":"Mon, 01 Jan 1990 00:00:00 GMT","pragma":"no-cache","content-type":"application/json; charset=utf-8","vary":"X-Origin, Referer, Origin,Accept-Encoding","server":"scaffolding on HTTPServer2","x-xss-protection":"0","x-frame-options":"SAMEORIGIN","x-content-type-options":"nosniff","alt-svc":"h3=\":443\"; ma=2592000,h3-29=\":443\"; ma=2592000,h3-Q050=\":443\"; ma=2592000,h3-Q046=\":443\"; ma=2592000,h3-Q043=\":443\"; ma=2592000,quic=\":443\"; ma=2592000; v=\"46,43\"","accept-ranges":"none","transfer-encoding":"chunked"}
[debug] [2022-12-22T01:21:07.161Z] >>> [apiv2][query] GET https://firebase.googleapis.com/v1beta1/projects/apollo-hospital-fe9a0 [none]
[debug] [2022-12-22T01:21:07.997Z] <<< [apiv2][status] GET https://firebase.googleapis.com/v1beta1/projects/apollo-hospital-fe9a0 200
[debug] [2022-12-22T01:21:07.997Z] <<< [apiv2][body] GET https://firebase.googleapis.com/v1beta1/projects/apollo-hospital-fe9a0 {"projectId":"apollo-hospital-fe9a0","projectNumber":"1092450228511","displayName":"apollo-hospital","name":"projects/apollo-hospital-fe9a0","resources":{"hostingSite":"apollo-hospital-fe9a0"},"state":"ACTIVE","etag":"1_ab4d6f93-ec82-4b5b-aa05-480236061865"}
[info] i  Using project apollo-hospital-fe9a0 (apollo-hospital) 
[info] 
=== Hosting Setup
[info] 
[info] Your public directory is the folder (relative to your project directory) that
[info] will contain Hosting assets to be uploaded with firebase deploy. If you
[info] have a build process for your assets, use your build's output directory.
[info] 
[debug] [2022-12-22T01:23:16.352Z] ----------------------------------------------------------------------
[debug] [2022-12-22T01:23:16.354Z] Command:       C:\Program Files\nodejs\node.exe C:\Users\ok\AppData\Roaming\npm\node_modules\firebase-tools\lib\bin\firebase.js init
[debug] [2022-12-22T01:23:16.355Z] CLI Version:   11.0.1
[debug] [2022-12-22T01:23:16.355Z] Platform:      win32
[debug] [2022-12-22T01:23:16.355Z] Node Version:  v16.16.0
[debug] [2022-12-22T01:23:16.356Z] Time:          Thu Dec 22 2022 07:23:16 GMT+0600 (Bangladesh Standard Time)
[debug] [2022-12-22T01:23:16.356Z] ----------------------------------------------------------------------
[debug] 
[debug] [2022-12-22T01:23:16.422Z] > command requires scopes: ["email","openid","https://www.googleapis.com/auth/cloudplatformprojects.readonly","https://www.googleapis.com/auth/firebase","https://www.googleapis.com/auth/cloud-platform"]
[debug] [2022-12-22T01:23:16.423Z] > authorizing via signed-in user (mdhanif115825@gmail.com)
[info] 
     ######## #### ########  ######## ########     ###     ######  ########
     ##        ##  ##     ## ##       ##     ##  ##   ##  ##       ##
     ######    ##  ########  ######   ########  #########  ######  ######
     ##        ##  ##    ##  ##       ##     ## ##     ##       ## ##
     ##       #### ##     ## ######## ########  ##     ##  ######  ########

You're about to initialize a Firebase project in this directory:

  C:\Programming Hero All\Resumi Website\exam\stickman-technology

Before we get started, keep in mind:

  * You are currently outside your home directory
  * You are initializing within an existing Firebase project directory

